<?xml version="1.0" encoding="UTF-8"?>
<!-- Generated by org.testng.reporters.JUnitReportReporter -->
<testsuite hostname="DESKTOP-QBR8K3U" failures="0" tests="1" name="PS1" time="0.014" errors="0" timestamp="2024-02-06T12:21:25 IST" skipped="0">
  <testcase classname="PS1" name="childAction" time="0.014"/>
  <system-out/>
</testsuite> <!-- PS1 -->
